<?xml version="1.0" encoding="UTF-8"?>
<!-- Generated by org.testng.reporters.JUnitReportReporter -->
<testsuite skipped="0" hostname="L-PF1C9TXW" name="WeatherDetails" tests="1" failures="0" timestamp="18 Dec 2019 08:51:01 GMT" time="2.609" errors="0">
  <testcase name="getWeatherDetails" time="2.609" classname="WeatherDetails"/>
</testsuite> <!-- WeatherDetails -->
